#
# A fatal error has been detected by the Java Runtime Environment:
#
#  EXCEPTION_ACCESS_VIOLATION (0xc0000005) at pc=0x00000188c0f4f4a8, pid=12280, tid=3392
#
# JRE version: OpenJDK Runtime Environment (11.0.10) (build 11.0.10+0-b96-7249189)
# Java VM: OpenJDK 64-Bit Server VM (11.0.10+0-b96-7249189, mixed mode, tiered, compressed oops, g1 gc, windows-amd64)
# Problematic frame:
# C  0x00000188c0f4f4a8
#
# No core dump will be written. Minidumps are not enabled by default on client versions of Windows
#
# If you would like to submit a bug report, please visit:
#   https://bugreport.java.com/bugreport/crash.jsp
#

---------------  S U M M A R Y ------------

Command Line: --add-opens=java.base/java.util=ALL-UNNAMED --add-opens=java.base/java.lang=ALL-UNNAMED --add-opens=java.base/java.lang.invoke=ALL-UNNAMED --add-opens=java.base/java.util=ALL-UNNAMED --add-opens=java.prefs/java.util.prefs=ALL-UNNAMED --add-opens=java.prefs/java.util.prefs=ALL-UNNAMED --add-opens=java.base/java.nio.charset=ALL-UNNAMED --add-opens=java.base/java.net=ALL-UNNAMED --add-opens=java.base/java.util.concurrent.atomic=ALL-UNNAMED -Xmx2048m -Dfile.encoding=UTF-8 -Duser.country=CL -Duser.language=es -Duser.variant org.gradle.launcher.daemon.bootstrap.GradleDaemon 7.0.2

Host: Intel(R) Celeron(R) J4125 CPU @ 2.00GHz, 4 cores, 11G,  Windows 10 , 64 bit Build 19041 (10.0.19041.1202)
Time: Fri Oct 22 16:20:17 2021 Hora verano Sudamérica Pacífico elapsed time: 97.636180 seconds (0d 0h 1m 37s)

---------------  T H R E A D  ---------------

Current thread (0x00000188bc70b000):  JavaThread "C2 CompilerThread0" daemon [_thread_in_native, id=3392, stack(0x00000027d6200000,0x00000027d6300000)]


Current CompileTask:
C2:  97636 12420       4       java.util.regex.Pattern::atom (422 bytes)

Stack: [0x00000027d6200000,0x00000027d6300000],  sp=0x00000027d62fa9d8,  free space=1002k
Native frames: (J=compiled Java code, j=interpreted, Vv=VM code, C=native code)
C  0x00000188c0f4f4a8


siginfo: EXCEPTION_ACCESS_VIOLATION (0xc0000005), data execution prevention violation at address 0x00000188c0f4f4a8


Register to memory mapping:

RIP=0x00000188c0f4f4a8 points into unknown readable memory: 0x00007ff8c03e40f0 | f0 40 3e c0 f8 7f 00 00
RAX=0x00000188c0e97738 points into unknown readable memory: 0x00007ff8c0472ee8 | e8 2e 47 c0 f8 7f 00 00
RBX=0x00000188c0f4f4a8 points into unknown readable memory: 0x00007ff8c03e40f0 | f0 40 3e c0 f8 7f 00 00
RCX=0x0 is NULL
RDX=0x0f0010788348ff20 is an unknown value
RSP=0x00000027d62fa9d8 is pointing into the stack for thread: 0x00000188bc70b000
RBP=0x0000000000000001 is an unknown value
RSI=0x000000000000027a is an unknown value
RDI=0x00000027d62faf00 is pointing into the stack for thread: 0x00000188bc70b000
R8 =0x00000188c0d1f938 points into unknown readable memory: 0x00007ff8c03e4288 | 88 42 3e c0 f8 7f 00 00
R9 =0x00000027d62faf00 is pointing into the stack for thread: 0x00000188bc70b000
R10=0xfefefefefefefeff is an unknown value
R11=0x8080808080808080 is an unknown value
R12=0x00000027d62faac8 is pointing into the stack for thread: 0x00000188bc70b000
R13=0x00000027d62faaa0 is pointing into the stack for thread: 0x00000188bc70b000
R14=0x00000188c0f4f280 points into unknown readable memory: 0x00007ff8c040bfd0 | d0 bf 40 c0 f8 7f 00 00
R15=0x00000188c0f4f280 points into unknown readable memory: 0x00007ff8c040bfd0 | d0 bf 40 c0 f8 7f 00 00


Registers:
RAX=0x00000188c0e97738, RBX=0x00000188c0f4f4a8, RCX=0x0000000000000000, RDX=0x0f0010788348ff20
RSP=0x00000027d62fa9d8, RBP=0x0000000000000001, RSI=0x000000000000027a, RDI=0x00000027d62faf00
R8 =0x00000188c0d1f938, R9 =0x00000027d62faf00, R10=0xfefefefefefefeff, R11=0x8080808080808080
R12=0x00000027d62faac8, R13=0x00000027d62faaa0, R14=0x00000188c0f4f280, R15=0x00000188c0f4f280
RIP=0x00000188c0f4f4a8, EFLAGS=0x0000000000010202

Top of Stack: (sp=0x00000027d62fa9d8)
0x00000027d62fa9d8:   000000000000027a 00000188c0d1f9a0
0x00000027d62fa9e8:   000000000000000d 00000188c0f4f2c8
0x00000027d62fa9f8:   0000000000000001 00000027d62fab30
0x00000027d62faa08:   00007ff8c0106e28 00000188c0f4f4a8
0x00000027d62faa18:   0000000000000001 000000000000027a
0x00000027d62faa28:   00000027d62faac8 00000027d62fb8d8
0x00000027d62faa38:   00007ff8c01cc470 00000188bc705740
0x00000027d62faa48:   0000000000000001 00000188bf93f700
0x00000027d62faa58:   00000027d62fab80 0000000000000000
0x00000027d62faa68:   0000000000000002 00000027d62faf00
0x00000027d62faa78:   00007ff8c0106347 00000027d62faf00
0x00000027d62faa88:   0000000000000001 0000000000000001
0x00000027d62faa98:   00000027d62fab30 00000188bc705740
0x00000027d62faaa8:   0000000000000400 00000188bf42afa0
0x00000027d62faab8:   00007ff80000027b 0000018800000001
0x00000027d62faac8:   00007ff8c046de48 00000188bc705740 

Instructions: (pc=0x00000188c0f4f4a8)
0x00000188c0f4f3a8:   40 f3 f4 c0 88 01 00 00 40 d5 71 c2 88 01 00 00
0x00000188c0f4f3b8:   c8 d5 71 c2 88 01 00 00 40 e9 d1 c0 88 01 00 00
0x00000188c0f4f3c8:   48 f9 f4 c0 88 01 00 00 e8 f3 f4 c0 88 01 00 00
0x00000188c0f4f3d8:   48 f9 f4 c0 88 01 00 00 48 f9 f4 c0 88 01 00 00
0x00000188c0f4f3e8:   50 3c 3e c0 f8 7f 00 00 20 f4 f4 c0 88 01 00 00
0x00000188c0f4f3f8:   88 f4 f4 c0 88 01 00 00 03 00 00 00 03 00 00 00
0x00000188c0f4f408:   01 00 00 00 04 00 00 00 0a 05 00 00 c0 00 00 00
0x00000188c0f4f418:   00 00 46 c0 88 01 00 00 00 00 00 00 00 00 00 00
0x00000188c0f4f428:   00 f4 79 bd 88 01 00 00 40 f3 f4 c0 88 01 00 00
0x00000188c0f4f438:   20 3d 3e c0 f8 7f 00 00 78 f4 f4 c0 88 01 00 00
0x00000188c0f4f448:   f8 f4 f4 c0 88 01 00 00 02 00 00 00 02 00 00 00
0x00000188c0f4f458:   01 00 00 00 04 00 00 00 d0 03 00 00 00 01 00 00
0x00000188c0f4f468:   00 00 3b c0 88 01 00 00 03 00 00 00 88 01 00 00
0x00000188c0f4f478:   00 00 00 00 00 00 00 00 e8 f3 f4 c0 88 01 00 00
0x00000188c0f4f488:   38 f4 f4 c0 88 01 00 00 40 1b 3b c0 88 01 00 00
0x00000188c0f4f498:   e0 e4 ac c4 88 01 00 00 80 2c cc c4 88 01 00 00
0x00000188c0f4f4a8:   f0 40 3e c0 f8 7f 00 00 e8 f4 f4 c0 88 01 00 00
0x00000188c0f4f4b8:   60 f5 f4 c0 88 01 00 00 02 00 00 00 02 00 00 00
0x00000188c0f4f4c8:   02 00 00 00 04 00 00 00 a7 02 00 00 15 00 00 00
0x00000188c0f4f4d8:   00 00 cc c4 88 01 00 00 bd 37 06 35 00 e4 1d 46
0x00000188c0f4f4e8:   b8 52 3a c5 88 01 00 00 38 f4 f4 c0 88 01 00 00
0x00000188c0f4f4f8:   a8 f4 f4 c0 88 01 00 00 00 00 00 00 00 00 00 00
0x00000188c0f4f508:   00 00 00 00 00 00 00 00 00 00 00 00 00 00 00 00
0x00000188c0f4f518:   88 42 3e c0 f8 7f 00 00 58 f5 f4 c0 88 01 00 00
0x00000188c0f4f528:   28 f9 f4 c0 88 01 00 00 01 00 00 00 01 00 00 00
0x00000188c0f4f538:   01 00 00 00 04 00 00 00 8d 01 00 00 c8 00 00 00
0x00000188c0f4f548:   40 00 00 00 00 00 00 00 01 00 00 00 00 00 00 00
0x00000188c0f4f558:   a8 f4 f4 c0 88 01 00 00 18 f5 f4 c0 88 01 00 00
0x00000188c0f4f568:   80 f5 f4 c0 88 01 00 00 00 00 00 00 00 00 00 00
0x00000188c0f4f578:   00 00 00 00 00 00 00 00 50 43 3e c0 f8 7f 00 00
0x00000188c0f4f588:   c0 f5 f4 c0 88 01 00 00 d0 fe f4 c0 88 01 00 00
0x00000188c0f4f598:   01 00 00 00 01 00 00 00 01 00 00 00 04 00 00 00 


Stack slot to memory mapping:
stack at sp + 0 slots: 0x000000000000027a is an unknown value
stack at sp + 1 slots: 0x00000188c0d1f9a0 points into unknown readable memory: 0x00007ff8c03e4350 | 50 43 3e c0 f8 7f 00 00
stack at sp + 2 slots: 0x000000000000000d is an unknown value
stack at sp + 3 slots: 0x00000188c0f4f2c8 points into unknown readable memory: 0x00007ff8c03dddc8 | c8 dd 3d c0 f8 7f 00 00
stack at sp + 4 slots: 0x0000000000000001 is an unknown value
stack at sp + 5 slots: 0x00000027d62fab30 is pointing into the stack for thread: 0x00000188bc70b000
stack at sp + 6 slots: 0x00007ff8c0106e28 jvm.dll
stack at sp + 7 slots: 0x00000188c0f4f4a8 points into unknown readable memory: 0x00007ff8c03e40f0 | f0 40 3e c0 f8 7f 00 00


---------------  P R O C E S S  ---------------

Threads class SMR info:
_java_thread_list=0x00000188c10a3ee0, length=42, elements={
0x00000188a233a800, 0x00000188bcf11800, 0x00000188bcf1a800, 0x00000188bc701000,
0x00000188bc704800, 0x00000188bc707800, 0x00000188bc70b000, 0x00000188bcf65800,
0x00000188bcf66800, 0x00000188bd0d3000, 0x00000188bf998000, 0x00000188bd277800,
0x00000188be115800, 0x00000188bfdc3800, 0x00000188bea78000, 0x00000188bf35c000,
0x00000188be90f000, 0x00000188be179000, 0x00000188be212000, 0x00000188be213000,
0x00000188be214000, 0x00000188be214800, 0x00000188c0995000, 0x00000188c0992800,
0x00000188c0990000, 0x00000188c0990800, 0x00000188c0993000, 0x00000188c0994000,
0x00000188c0995800, 0x00000188c0996800, 0x00000188c0997000, 0x00000188c0991800,
0x00000188c099d800, 0x00000188c099c000, 0x00000188c099b800, 0x00000188c099d000,
0x00000188c0999000, 0x00000188c5e8d800, 0x00000188c5e90000, 0x00000188c5e8e000,
0x00000188c5e90800, 0x00000188c5e8b000
}

Java Threads: ( => current thread )
  0x00000188a233a800 JavaThread "main" [_thread_blocked, id=15836, stack(0x00000027d5600000,0x00000027d5700000)]
  0x00000188bcf11800 JavaThread "Reference Handler" daemon [_thread_blocked, id=1808, stack(0x00000027d5d00000,0x00000027d5e00000)]
  0x00000188bcf1a800 JavaThread "Finalizer" daemon [_thread_blocked, id=16436, stack(0x00000027d5e00000,0x00000027d5f00000)]
  0x00000188bc701000 JavaThread "Signal Dispatcher" daemon [_thread_blocked, id=15152, stack(0x00000027d5f00000,0x00000027d6000000)]
  0x00000188bc704800 JavaThread "Attach Listener" daemon [_thread_blocked, id=5680, stack(0x00000027d6000000,0x00000027d6100000)]
  0x00000188bc707800 JavaThread "Service Thread" daemon [_thread_blocked, id=1228, stack(0x00000027d6100000,0x00000027d6200000)]
=>0x00000188bc70b000 JavaThread "C2 CompilerThread0" daemon [_thread_in_native, id=3392, stack(0x00000027d6200000,0x00000027d6300000)]
  0x00000188bcf65800 JavaThread "C1 CompilerThread0" daemon [_thread_blocked, id=812, stack(0x00000027d6300000,0x00000027d6400000)]
  0x00000188bcf66800 JavaThread "Sweeper thread" daemon [_thread_blocked, id=9196, stack(0x00000027d6400000,0x00000027d6500000)]
  0x00000188bd0d3000 JavaThread "Common-Cleaner" daemon [_thread_blocked, id=11200, stack(0x00000027d6500000,0x00000027d6600000)]
  0x00000188bf998000 JavaThread "Daemon health stats" [_thread_blocked, id=5128, stack(0x00000027d6b00000,0x00000027d6c00000)]
  0x00000188bd277800 JavaThread "Incoming local TCP Connector on port 62398" [_thread_in_native, id=10624, stack(0x00000027d6700000,0x00000027d6800000)]
  0x00000188be115800 JavaThread "Daemon periodic checks" [_thread_blocked, id=13488, stack(0x00000027d6c00000,0x00000027d6d00000)]
  0x00000188bfdc3800 JavaThread "Daemon" [_thread_blocked, id=5664, stack(0x00000027d6d00000,0x00000027d6e00000)]
  0x00000188bea78000 JavaThread "Handler for socket connection from /127.0.0.1:62398 to /127.0.0.1:62399" [_thread_in_native, id=10552, stack(0x00000027d6e00000,0x00000027d6f00000)]
  0x00000188bf35c000 JavaThread "Cancel handler" [_thread_blocked, id=14164, stack(0x00000027d6f00000,0x00000027d7000000)]
  0x00000188be90f000 JavaThread "Daemon worker" [_thread_blocked, id=2836, stack(0x00000027d7000000,0x00000027d7100000)]
  0x00000188be179000 JavaThread "Asynchronous log dispatcher for DefaultDaemonConnection: socket connection from /127.0.0.1:62398 to /127.0.0.1:62399" [_thread_blocked, id=11408, stack(0x00000027d7100000,0x00000027d7200000)]
  0x00000188be212000 JavaThread "Daemon client event forwarder" [_thread_blocked, id=17348, stack(0x00000027d7300000,0x00000027d7400000)]
  0x00000188be213000 JavaThread "Cache worker for file hash cache (C:\Users\camilo\.gradle\caches\7.0.2\fileHashes)" [_thread_blocked, id=15652, stack(0x00000027d7400000,0x00000027d7500000)]
  0x00000188be214000 JavaThread "File lock request listener" [_thread_in_native, id=12116, stack(0x00000027d7500000,0x00000027d7600000)]
  0x00000188be214800 JavaThread "Cache worker for journal cache (C:\Users\camilo\.gradle\caches\journal-1)" [_thread_blocked, id=16876, stack(0x00000027d7600000,0x00000027d7700000)]
  0x00000188c0995000 JavaThread "Cache worker for file hash cache (C:\Users\camilo\AndroidStudioProjects\MyApplication\.gradle\7.0.2\fileHashes)" [_thread_blocked, id=5660, stack(0x00000027d7800000,0x00000027d7900000)]
  0x00000188c0992800 JavaThread "File watcher server" daemon [_thread_in_native, id=9076, stack(0x00000027d7900000,0x00000027d7a00000)]
  0x00000188c0990000 JavaThread "File watcher consumer" daemon [_thread_blocked, id=9772, stack(0x00000027d7a00000,0x00000027d7b00000)]
  0x00000188c0990800 JavaThread "jar transforms" [_thread_blocked, id=8132, stack(0x00000027d7b00000,0x00000027d7c00000)]
  0x00000188c0993000 JavaThread "jar transforms Thread 2" [_thread_blocked, id=6008, stack(0x00000027d7c00000,0x00000027d7d00000)]
  0x00000188c0994000 JavaThread "jar transforms Thread 3" [_thread_in_native, id=4076, stack(0x00000027d7d00000,0x00000027d7e00000)]
  0x00000188c0995800 JavaThread "jar transforms Thread 4" [_thread_blocked, id=17172, stack(0x00000027d7e00000,0x00000027d7f00000)]
  0x00000188c0996800 JavaThread "Cache worker for checksums cache (C:\Users\camilo\AndroidStudioProjects\MyApplication\.gradle\checksums)" [_thread_blocked, id=14760, stack(0x00000027d7700000,0x00000027d7800000)]
  0x00000188c0997000 JavaThread "Cache worker for cache directory md-supplier (C:\Users\camilo\.gradle\caches\7.0.2\md-supplier)" [_thread_blocked, id=10700, stack(0x00000027d7f00000,0x00000027d8000000)]
  0x00000188c0991800 JavaThread "Cache worker for cache directory md-rule (C:\Users\camilo\.gradle\caches\7.0.2\md-rule)" [_thread_blocked, id=16332, stack(0x00000027d8100000,0x00000027d8200000)]
  0x00000188c099d800 JavaThread "Cache worker for execution history cache (C:\Users\camilo\.gradle\caches\7.0.2\executionHistory)" [_thread_blocked, id=13728, stack(0x00000027d8200000,0x00000027d8300000)]
  0x00000188c099c000 JavaThread "Cache worker for file content cache (C:\Users\camilo\.gradle\caches\7.0.2\fileContent)" [_thread_blocked, id=5800, stack(0x00000027d8300000,0x00000027d8400000)]
  0x00000188c099b800 JavaThread "Cache worker for dependencies-accessors (C:\Users\camilo\AndroidStudioProjects\MyApplication\.gradle\7.0.2\dependencies-accessors)" [_thread_blocked, id=14212, stack(0x00000027d8400000,0x00000027d8500000)]
  0x00000188c099d000 JavaThread "Cache worker for Build Output Cleanup Cache (C:\Users\camilo\AndroidStudioProjects\MyApplication\.gradle\buildOutputCleanup)" [_thread_blocked, id=14588, stack(0x00000027d8500000,0x00000027d8600000)]
  0x00000188c0999000 JavaThread "Build operations" [_thread_blocked, id=4936, stack(0x00000027d8900000,0x00000027d8a00000)]
  0x00000188c5e8d800 JavaThread "Build operations Thread 2" [_thread_blocked, id=708, stack(0x00000027d8a00000,0x00000027d8b00000)]
  0x00000188c5e90000 JavaThread "Build operations Thread 3" [_thread_blocked, id=11404, stack(0x00000027d8b00000,0x00000027d8c00000)]
  0x00000188c5e8e000 JavaThread "Build operations Thread 4" [_thread_blocked, id=16144, stack(0x00000027d8c00000,0x00000027d8d00000)]
  0x00000188c5e90800 JavaThread "C2 CompilerThread1" daemon [_thread_in_native, id=14168, stack(0x00000027d5300000,0x00000027d5400000)]
  0x00000188c5e8b000 JavaThread "Memory manager" [_thread_blocked, id=8460, stack(0x00000027d5400000,0x00000027d5500000)]

Other Threads:
  0x00000188bc6f1000 VMThread "VM Thread" [stack: 0x00000027d5c00000,0x00000027d5d00000] [id=16740]
  0x00000188bd10b000 WatcherThread [stack: 0x00000027d6600000,0x00000027d6700000] [id=13584]
  0x00000188a2354000 GCTaskThread "GC Thread#0" [stack: 0x00000027d5700000,0x00000027d5800000] [id=6468]
  0x00000188bdeac800 GCTaskThread "GC Thread#1" [stack: 0x00000027d6800000,0x00000027d6900000] [id=7716]
  0x00000188bd6f3000 GCTaskThread "GC Thread#2" [stack: 0x00000027d6900000,0x00000027d6a00000] [id=4244]
  0x00000188bd6f3800 GCTaskThread "GC Thread#3" [stack: 0x00000027d6a00000,0x00000027d6b00000] [id=13216]
  0x00000188a2385000 ConcurrentGCThread "G1 Main Marker" [stack: 0x00000027d5800000,0x00000027d5900000] [id=9180]
  0x00000188a2387800 ConcurrentGCThread "G1 Conc#0" [stack: 0x00000027d5900000,0x00000027d5a00000] [id=6060]
  0x00000188bc53e800 ConcurrentGCThread "G1 Refine#0" [stack: 0x00000027d5a00000,0x00000027d5b00000] [id=9716]
  0x00000188bc53f800 ConcurrentGCThread "G1 Young RemSet Sampling" [stack: 0x00000027d5b00000,0x00000027d5c00000] [id=11992]

Threads with active compile tasks:
C2 CompilerThread0  97710 12420       4       java.util.regex.Pattern::atom (422 bytes)
C2 CompilerThread1  97710 12514 %     4       java.util.regex.Pattern$BnM::optimize @ 108 (179 bytes)

VM state:not at safepoint (normal execution)

VM Mutex/Monitor currently owned by a thread: None

Heap address: 0x0000000080000000, size: 2048 MB, Compressed Oops mode: 32-bit
Narrow klass base: 0x0000000000000000, Narrow klass shift: 3
Compressed class space size: 1073741824 Address: 0x0000000100000000

Heap:
 garbage-first heap   total 233472K, used 158516K [0x0000000080000000, 0x0000000100000000)
  region size 1024K, 83 young (84992K), 8 survivors (8192K)
 Metaspace       used 81653K, capacity 83823K, committed 84044K, reserved 1122304K
  class space    used 10027K, capacity 10767K, committed 10828K, reserved 1048576K
Heap Regions: E=young(eden), S=young(survivor), O=old, HS=humongous(starts), HC=humongous(continues), CS=collection set, F=free, A=archive, TAMS=top-at-mark-start (previous, next)
|   0|0x0000000080000000, 0x0000000080100000, 0x0000000080100000|100%| O|  |TAMS 0x0000000080100000, 0x0000000080000000| Untracked 
|   1|0x0000000080100000, 0x0000000080200000, 0x0000000080200000|100%| O|  |TAMS 0x0000000080200000, 0x0000000080100000| Untracked 
|   2|0x0000000080200000, 0x0000000080300000, 0x0000000080300000|100%| O|  |TAMS 0x0000000080300000, 0x0000000080200000| Untracked 
|   3|0x0000000080300000, 0x0000000080400000, 0x0000000080400000|100%|HS|  |TAMS 0x0000000080400000, 0x0000000080300000| Complete 
|   4|0x0000000080400000, 0x0000000080500000, 0x0000000080500000|100%|HC|  |TAMS 0x0000000080500000, 0x0000000080400000| Complete 
|   5|0x0000000080500000, 0x0000000080600000, 0x0000000080600000|100%|HC|  |TAMS 0x0000000080600000, 0x0000000080500000| Complete 
|   6|0x0000000080600000, 0x0000000080700000, 0x0000000080700000|100%| O|  |TAMS 0x0000000080700000, 0x0000000080600000| Untracked 
|   7|0x0000000080700000, 0x0000000080800000, 0x0000000080800000|100%| O|  |TAMS 0x0000000080800000, 0x0000000080700000| Untracked 
|   8|0x0000000080800000, 0x0000000080900000, 0x0000000080900000|100%| O|  |TAMS 0x0000000080900000, 0x0000000080800000| Untracked 
|   9|0x0000000080900000, 0x0000000080a00000, 0x0000000080a00000|100%| O|  |TAMS 0x0000000080a00000, 0x0000000080900000| Untracked 
|  10|0x0000000080a00000, 0x0000000080b00000, 0x0000000080b00000|100%| O|  |TAMS 0x0000000080b00000, 0x0000000080a00000| Untracked 
|  11|0x0000000080b00000, 0x0000000080c00000, 0x0000000080c00000|100%| O|  |TAMS 0x0000000080c00000, 0x0000000080b00000| Untracked 
|  12|0x0000000080c00000, 0x0000000080d00000, 0x0000000080d00000|100%| O|  |TAMS 0x0000000080d00000, 0x0000000080c00000| Untracked 
|  13|0x0000000080d00000, 0x0000000080e00000, 0x0000000080e00000|100%| O|  |TAMS 0x0000000080e00000, 0x0000000080d00000| Untracked 
|  14|0x0000000080e00000, 0x0000000080f00000, 0x0000000080f00000|100%| O|  |TAMS 0x0000000080f00000, 0x0000000080e00000| Untracked 
|  15|0x0000000080f00000, 0x0000000081000000, 0x0000000081000000|100%|HS|  |TAMS 0x0000000081000000, 0x0000000080f00000| Complete 
|  16|0x0000000081000000, 0x0000000081100000, 0x0000000081100000|100%|HC|  |TAMS 0x0000000081100000, 0x0000000081000000| Complete 
|  17|0x0000000081100000, 0x0000000081200000, 0x0000000081200000|100%|HS|  |TAMS 0x0000000081200000, 0x0000000081100000| Complete 
|  18|0x0000000081200000, 0x0000000081300000, 0x0000000081300000|100%|HC|  |TAMS 0x0000000081300000, 0x0000000081200000| Complete 
|  19|0x0000000081300000, 0x0000000081400000, 0x0000000081400000|100%|HC|  |TAMS 0x0000000081400000, 0x0000000081300000| Complete 
|  20|0x0000000081400000, 0x0000000081500000, 0x0000000081500000|100%|HS|  |TAMS 0x0000000081500000, 0x0000000081400000| Complete 
|  21|0x0000000081500000, 0x0000000081600000, 0x0000000081600000|100%|HC|  |TAMS 0x0000000081600000, 0x0000000081500000| Complete 
|  22|0x0000000081600000, 0x0000000081700000, 0x0000000081700000|100%|HC|  |TAMS 0x0000000081700000, 0x0000000081600000| Complete 
|  23|0x0000000081700000, 0x0000000081800000, 0x0000000081800000|100%|HC|  |TAMS 0x0000000081800000, 0x0000000081700000| Complete 
|  24|0x0000000081800000, 0x0000000081900000, 0x0000000081900000|100%|HC|  |TAMS 0x0000000081900000, 0x0000000081800000| Complete 
|  25|0x0000000081900000, 0x0000000081a00000, 0x0000000081a00000|100%| O|  |TAMS 0x0000000081a00000, 0x0000000081900000| Untracked 
|  26|0x0000000081a00000, 0x0000000081b00000, 0x0000000081b00000|100%| O|  |TAMS 0x0000000081b00000, 0x0000000081a00000| Untracked 
|  27|0x0000000081b00000, 0x0000000081c00000, 0x0000000081c00000|100%| O|  |TAMS 0x0000000081c00000, 0x0000000081b00000| Untracked 
|  28|0x0000000081c00000, 0x0000000081d00000, 0x0000000081d00000|100%| O|  |TAMS 0x0000000081d00000, 0x0000000081c00000| Untracked 
|  29|0x0000000081d00000, 0x0000000081e00000, 0x0000000081e00000|100%| O|  |TAMS 0x0000000081e00000, 0x0000000081d00000| Untracked 
|  30|0x0000000081e00000, 0x0000000081f00000, 0x0000000081f00000|100%| O|  |TAMS 0x0000000081f00000, 0x0000000081e00000| Untracked 
|  31|0x0000000081f00000, 0x0000000082000000, 0x0000000082000000|100%| O|  |TAMS 0x0000000082000000, 0x0000000081f00000| Untracked 
|  32|0x0000000082000000, 0x0000000082100000, 0x0000000082100000|100%| O|  |TAMS 0x0000000082100000, 0x0000000082000000| Untracked 
|  33|0x0000000082100000, 0x0000000082200000, 0x0000000082200000|100%| O|  |TAMS 0x0000000082200000, 0x0000000082100000| Untracked 
|  34|0x0000000082200000, 0x0000000082300000, 0x0000000082300000|100%| O|  |TAMS 0x0000000082300000, 0x0000000082200000| Untracked 
|  35|0x0000000082300000, 0x0000000082400000, 0x0000000082400000|100%| O|  |TAMS 0x0000000082400000, 0x0000000082300000| Untracked 
|  36|0x0000000082400000, 0x0000000082500000, 0x0000000082500000|100%|HS|  |TAMS 0x0000000082500000, 0x0000000082400000| Complete 
|  37|0x0000000082500000, 0x0000000082600000, 0x0000000082600000|100%|HC|  |TAMS 0x0000000082600000, 0x0000000082500000| Complete 
|  38|0x0000000082600000, 0x0000000082700000, 0x0000000082700000|100%|HC|  |TAMS 0x0000000082700000, 0x0000000082600000| Complete 
|  39|0x0000000082700000, 0x0000000082800000, 0x0000000082800000|100%|HC|  |TAMS 0x0000000082800000, 0x0000000082700000| Complete 
|  40|0x0000000082800000, 0x0000000082900000, 0x0000000082900000|100%|HC|  |TAMS 0x0000000082900000, 0x0000000082800000| Complete 
|  41|0x0000000082900000, 0x0000000082a00000, 0x0000000082a00000|100%| O|  |TAMS 0x0000000082a00000, 0x0000000082900000| Untracked 
|  42|0x0000000082a00000, 0x0000000082b00000, 0x0000000082b00000|100%| O|  |TAMS 0x0000000082b00000, 0x0000000082a00000| Untracked 
|  43|0x0000000082b00000, 0x0000000082c00000, 0x0000000082c00000|100%| O|  |TAMS 0x0000000082c00000, 0x0000000082b00000| Untracked 
|  44|0x0000000082c00000, 0x0000000082d00000, 0x0000000082d00000|100%| O|  |TAMS 0x0000000082d00000, 0x0000000082c00000| Untracked 
|  45|0x0000000082d00000, 0x0000000082e00000, 0x0000000082e00000|100%| O|  |TAMS 0x0000000082e00000, 0x0000000082d00000| Untracked 
|  46|0x0000000082e00000, 0x0000000082f00000, 0x0000000082f00000|100%| O|  |TAMS 0x0000000082f00000, 0x0000000082e00000| Untracked 
|  47|0x0000000082f00000, 0x0000000083000000, 0x0000000083000000|100%| O|  |TAMS 0x0000000083000000, 0x0000000082f00000| Untracked 
|  48|0x0000000083000000, 0x0000000083100000, 0x0000000083100000|100%| O|  |TAMS 0x0000000083100000, 0x0000000083000000| Untracked 
|  49|0x0000000083100000, 0x0000000083200000, 0x0000000083200000|100%| O|  |TAMS 0x0000000083200000, 0x0000000083100000| Untracked 
|  50|0x0000000083200000, 0x0000000083300000, 0x0000000083300000|100%| O|  |TAMS 0x0000000083300000, 0x0000000083200000| Untracked 
|  51|0x0000000083300000, 0x0000000083400000, 0x0000000083400000|100%| O|  |TAMS 0x0000000083400000, 0x0000000083300000| Untracked 
|  52|0x0000000083400000, 0x0000000083500000, 0x0000000083500000|100%|HS|  |TAMS 0x0000000083500000, 0x0000000083400000| Complete 
|  53|0x0000000083500000, 0x0000000083600000, 0x0000000083600000|100%|HC|  |TAMS 0x0000000083600000, 0x0000000083500000| Complete 
|  54|0x0000000083600000, 0x0000000083700000, 0x0000000083700000|100%|HC|  |TAMS 0x0000000083700000, 0x0000000083600000| Complete 
|  55|0x0000000083700000, 0x0000000083800000, 0x0000000083800000|100%| O|  |TAMS 0x0000000083800000, 0x0000000083700000| Untracked 
|  56|0x0000000083800000, 0x0000000083900000, 0x0000000083900000|100%| O|  |TAMS 0x0000000083900000, 0x0000000083800000| Untracked 
|  57|0x0000000083900000, 0x0000000083a00000, 0x0000000083a00000|100%| O|  |TAMS 0x0000000083a00000, 0x0000000083900000| Untracked 
|  58|0x0000000083a00000, 0x0000000083b00000, 0x0000000083b00000|100%| O|  |TAMS 0x0000000083b00000, 0x0000000083a00000| Untracked 
|  59|0x0000000083b00000, 0x0000000083c00000, 0x0000000083c00000|100%| O|  |TAMS 0x0000000083c00000, 0x0000000083b00000| Untracked 
|  60|0x0000000083c00000, 0x0000000083d00000, 0x0000000083d00000|100%| O|  |TAMS 0x0000000083d00000, 0x0000000083c00000| Untracked 
|  61|0x0000000083d00000, 0x0000000083e00000, 0x0000000083e00000|100%| O|  |TAMS 0x0000000083e00000, 0x0000000083d00000| Untracked 
|  62|0x0000000083e00000, 0x0000000083f00000, 0x0000000083f00000|100%| O|  |TAMS 0x0000000083f00000, 0x0000000083e00000| Untracked 
|  63|0x0000000083f00000, 0x0000000084000000, 0x0000000084000000|100%| O|  |TAMS 0x0000000083f3f600, 0x0000000083f00000| Untracked 
|  64|0x0000000084000000, 0x0000000084100000, 0x0000000084100000|100%| O|  |TAMS 0x0000000084000000, 0x0000000084000000| Untracked 
|  65|0x0000000084100000, 0x0000000084200000, 0x0000000084200000|100%| O|  |TAMS 0x0000000084100000, 0x0000000084100000| Untracked 
|  66|0x0000000084200000, 0x0000000084300000, 0x0000000084300000|100%| O|  |TAMS 0x0000000084200000, 0x0000000084200000| Untracked 
|  67|0x0000000084300000, 0x0000000084400000, 0x0000000084400000|100%| O|  |TAMS 0x0000000084300000, 0x0000000084300000| Untracked 
|  68|0x0000000084400000, 0x0000000084500000, 0x0000000084500000|100%| O|  |TAMS 0x0000000084400000, 0x0000000084400000| Untracked 
|  69|0x0000000084500000, 0x0000000084600000, 0x0000000084600000|100%|HS|  |TAMS 0x0000000084500000, 0x0000000084500000| Complete 
|  70|0x0000000084600000, 0x0000000084600000, 0x0000000084700000|  0%| F|  |TAMS 0x0000000084600000, 0x0000000084600000| Untracked 
|  71|0x0000000084700000, 0x0000000084800000, 0x0000000084800000|100%|HS|  |TAMS 0x0000000084700000, 0x0000000084700000| Complete 
|  72|0x0000000084800000, 0x0000000084900000, 0x0000000084900000|100%|HS|  |TAMS 0x0000000084800000, 0x0000000084800000| Complete 
|  73|0x0000000084900000, 0x0000000084a00000, 0x0000000084a00000|100%|HS|  |TAMS 0x0000000084900000, 0x0000000084900000| Complete 
|  74|0x0000000084a00000, 0x0000000084b00000, 0x0000000084b00000|100%|HC|  |TAMS 0x0000000084a00000, 0x0000000084a00000| Complete 
|  75|0x0000000084b00000, 0x0000000084b02600, 0x0000000084c00000|  0%| O|  |TAMS 0x0000000084b00000, 0x0000000084b00000| Untracked 
|  76|0x0000000084c00000, 0x0000000084c00000, 0x0000000084d00000|  0%| F|  |TAMS 0x0000000084c00000, 0x0000000084c00000| Untracked 
|  77|0x0000000084d00000, 0x0000000084d00000, 0x0000000084e00000|  0%| F|  |TAMS 0x0000000084d00000, 0x0000000084d00000| Untracked 
|  78|0x0000000084e00000, 0x0000000084e00000, 0x0000000084f00000|  0%| F|  |TAMS 0x0000000084e00000, 0x0000000084e00000| Untracked 
|  79|0x0000000084f00000, 0x0000000084f00000, 0x0000000085000000|  0%| F|  |TAMS 0x0000000084f00000, 0x0000000084f00000| Untracked 
|  80|0x0000000085000000, 0x0000000085000000, 0x0000000085100000|  0%| F|  |TAMS 0x0000000085000000, 0x0000000085000000| Untracked 
|  81|0x0000000085100000, 0x0000000085100000, 0x0000000085200000|  0%| F|  |TAMS 0x0000000085100000, 0x0000000085100000| Untracked 
|  82|0x0000000085200000, 0x0000000085200000, 0x0000000085300000|  0%| F|  |TAMS 0x0000000085200000, 0x0000000085200000| Untracked 
|  83|0x0000000085300000, 0x0000000085300000, 0x0000000085400000|  0%| F|  |TAMS 0x0000000085300000, 0x0000000085300000| Untracked 
|  84|0x0000000085400000, 0x0000000085400000, 0x0000000085500000|  0%| F|  |TAMS 0x0000000085400000, 0x0000000085400000| Untracked 
|  85|0x0000000085500000, 0x0000000085500000, 0x0000000085600000|  0%| F|  |TAMS 0x0000000085500000, 0x0000000085500000| Untracked 
|  86|0x0000000085600000, 0x0000000085600000, 0x0000000085700000|  0%| F|  |TAMS 0x0000000085600000, 0x0000000085600000| Untracked 
|  87|0x0000000085700000, 0x0000000085700000, 0x0000000085800000|  0%| F|  |TAMS 0x0000000085700000, 0x0000000085700000| Untracked 
|  88|0x0000000085800000, 0x0000000085800000, 0x0000000085900000|  0%| F|  |TAMS 0x0000000085800000, 0x0000000085800000| Untracked 
|  89|0x0000000085900000, 0x0000000085900000, 0x0000000085a00000|  0%| F|  |TAMS 0x0000000085900000, 0x0000000085900000| Untracked 
|  90|0x0000000085a00000, 0x0000000085acab70, 0x0000000085b00000| 79%| S|CS|TAMS 0x0000000085a00000, 0x0000000085a00000| Complete 
|  91|0x0000000085b00000, 0x0000000085c00000, 0x0000000085c00000|100%| S|CS|TAMS 0x0000000085b00000, 0x0000000085b00000| Complete 
|  92|0x0000000085c00000, 0x0000000085d00000, 0x0000000085d00000|100%| S|CS|TAMS 0x0000000085c00000, 0x0000000085c00000| Complete 
|  93|0x0000000085d00000, 0x0000000085e00000, 0x0000000085e00000|100%| S|CS|TAMS 0x0000000085d00000, 0x0000000085d00000| Complete 
|  94|0x0000000085e00000, 0x0000000085f00000, 0x0000000085f00000|100%| S|CS|TAMS 0x0000000085e00000, 0x0000000085e00000| Complete 
|  95|0x0000000085f00000, 0x0000000086000000, 0x0000000086000000|100%| S|CS|TAMS 0x0000000085f00000, 0x0000000085f00000| Complete 
|  96|0x0000000086000000, 0x0000000086000000, 0x0000000086100000|  0%| F|  |TAMS 0x0000000086000000, 0x0000000086000000| Untracked 
|  97|0x0000000086100000, 0x0000000086200000, 0x0000000086200000|100%| S|CS|TAMS 0x0000000086100000, 0x0000000086100000| Complete 
|  98|0x0000000086200000, 0x0000000086200000, 0x0000000086300000|  0%| F|  |TAMS 0x0000000086200000, 0x0000000086200000| Untracked 
|  99|0x0000000086300000, 0x0000000086300000, 0x0000000086400000|  0%| F|  |TAMS 0x0000000086300000, 0x0000000086300000| Untracked 
| 100|0x0000000086400000, 0x0000000086500000, 0x0000000086500000|100%| S|CS|TAMS 0x0000000086400000, 0x0000000086400000| Complete 
| 101|0x0000000086500000, 0x0000000086500000, 0x0000000086600000|  0%| F|  |TAMS 0x0000000086500000, 0x0000000086500000| Untracked 
| 102|0x0000000086600000, 0x0000000086600000, 0x0000000086700000|  0%| F|  |TAMS 0x0000000086600000, 0x0000000086600000| Untracked 
| 103|0x0000000086700000, 0x0000000086700000, 0x0000000086800000|  0%| F|  |TAMS 0x0000000086700000, 0x0000000086700000| Untracked 
| 104|0x0000000086800000, 0x0000000086800000, 0x0000000086900000|  0%| F|  |TAMS 0x0000000086800000, 0x0000000086800000| Untracked 
| 105|0x0000000086900000, 0x0000000086900000, 0x0000000086a00000|  0%| F|  |TAMS 0x0000000086900000, 0x0000000086900000| Untracked 
| 106|0x0000000086a00000, 0x0000000086a00000, 0x0000000086b00000|  0%| F|  |TAMS 0x0000000086a00000, 0x0000000086a00000| Untracked 
| 107|0x0000000086b00000, 0x0000000086b00000, 0x0000000086c00000|  0%| F|  |TAMS 0x0000000086b00000, 0x0000000086b00000| Untracked 
| 108|0x0000000086c00000, 0x0000000086c00000, 0x0000000086d00000|  0%| F|  |TAMS 0x0000000086c00000, 0x0000000086c00000| Untracked 
| 109|0x0000000086d00000, 0x0000000086d00000, 0x0000000086e00000|  0%| F|  |TAMS 0x0000000086d00000, 0x0000000086d00000| Untracked 
| 110|0x0000000086e00000, 0x0000000086e00000, 0x0000000086f00000|  0%| F|  |TAMS 0x0000000086e00000, 0x0000000086e00000| Untracked 
| 111|0x0000000086f00000, 0x0000000086f00000, 0x0000000087000000|  0%| F|  |TAMS 0x0000000086f00000, 0x0000000086f00000| Untracked 
| 112|0x0000000087000000, 0x0000000087000000, 0x0000000087100000|  0%| F|  |TAMS 0x0000000087000000, 0x0000000087000000| Untracked 
| 113|0x0000000087100000, 0x0000000087100000, 0x0000000087200000|  0%| F|  |TAMS 0x0000000087100000, 0x0000000087100000| Untracked 
| 114|0x0000000087200000, 0x0000000087200000, 0x0000000087300000|  0%| F|  |TAMS 0x0000000087200000, 0x0000000087200000| Untracked 
| 115|0x0000000087300000, 0x0000000087300000, 0x0000000087400000|  0%| F|  |TAMS 0x0000000087300000, 0x0000000087300000| Untracked 
| 116|0x0000000087400000, 0x0000000087400000, 0x0000000087500000|  0%| F|  |TAMS 0x0000000087400000, 0x0000000087400000| Untracked 
| 117|0x0000000087500000, 0x0000000087500000, 0x0000000087600000|  0%| F|  |TAMS 0x0000000087500000, 0x0000000087500000| Untracked 
| 118|0x0000000087600000, 0x0000000087600000, 0x0000000087700000|  0%| F|  |TAMS 0x0000000087600000, 0x0000000087600000| Untracked 
| 119|0x0000000087700000, 0x0000000087700000, 0x0000000087800000|  0%| F|  |TAMS 0x0000000087700000, 0x0000000087700000| Untracked 
| 120|0x0000000087800000, 0x0000000087800000, 0x0000000087900000|  0%| F|  |TAMS 0x0000000087800000, 0x0000000087800000| Untracked 
| 121|0x0000000087900000, 0x0000000087900000, 0x0000000087a00000|  0%| F|  |TAMS 0x0000000087900000, 0x0000000087900000| Untracked 
| 122|0x0000000087a00000, 0x0000000087a00000, 0x0000000087b00000|  0%| F|  |TAMS 0x0000000087a00000, 0x0000000087a00000| Untracked 
| 123|0x0000000087b00000, 0x0000000087b00000, 0x0000000087c00000|  0%| F|  |TAMS 0x0000000087b00000, 0x0000000087b00000| Untracked 
| 124|0x0000000087c00000, 0x0000000087c00000, 0x0000000087d00000|  0%| F|  |TAMS 0x0000000087c00000, 0x0000000087c00000| Untracked 
| 125|0x0000000087d00000, 0x0000000087d00000, 0x0000000087e00000|  0%| F|  |TAMS 0x0000000087d00000, 0x0000000087d00000| Untracked 
| 126|0x0000000087e00000, 0x0000000087e00000, 0x0000000087f00000|  0%| F|  |TAMS 0x0000000087e00000, 0x0000000087e00000| Untracked 
| 127|0x0000000087f00000, 0x0000000087f00000, 0x0000000088000000|  0%| F|  |TAMS 0x0000000087f00000, 0x0000000087f00000| Untracked 
| 128|0x0000000088000000, 0x0000000088000000, 0x0000000088100000|  0%| F|  |TAMS 0x0000000088000000, 0x0000000088000000| Untracked 
| 129|0x0000000088100000, 0x0000000088100000, 0x0000000088200000|  0%| F|  |TAMS 0x0000000088100000, 0x0000000088100000| Untracked 
| 130|0x0000000088200000, 0x0000000088200000, 0x0000000088300000|  0%| F|  |TAMS 0x0000000088200000, 0x0000000088200000| Untracked 
| 131|0x0000000088300000, 0x0000000088300000, 0x0000000088400000|  0%| F|  |TAMS 0x0000000088300000, 0x0000000088300000| Untracked 
| 132|0x0000000088400000, 0x0000000088400000, 0x0000000088500000|  0%| F|  |TAMS 0x0000000088400000, 0x0000000088400000| Untracked 
| 133|0x0000000088500000, 0x0000000088500000, 0x0000000088600000|  0%| F|  |TAMS 0x0000000088500000, 0x0000000088500000| Untracked 
| 134|0x0000000088600000, 0x0000000088600000, 0x0000000088700000|  0%| F|  |TAMS 0x0000000088600000, 0x0000000088600000| Untracked 
| 135|0x0000000088700000, 0x0000000088700000, 0x0000000088800000|  0%| F|  |TAMS 0x0000000088700000, 0x0000000088700000| Untracked 
| 136|0x0000000088800000, 0x0000000088800000, 0x0000000088900000|  0%| F|  |TAMS 0x0000000088800000, 0x0000000088800000| Untracked 
| 137|0x0000000088900000, 0x0000000088900000, 0x0000000088a00000|  0%| F|  |TAMS 0x0000000088900000, 0x0000000088900000| Untracked 
| 138|0x0000000088a00000, 0x0000000088a00000, 0x0000000088b00000|  0%| F|  |TAMS 0x0000000088a00000, 0x0000000088a00000| Untracked 
| 139|0x0000000088b00000, 0x0000000088b00000, 0x0000000088c00000|  0%| F|  |TAMS 0x0000000088b00000, 0x0000000088b00000| Untracked 
| 140|0x0000000088c00000, 0x0000000088c00000, 0x0000000088d00000|  0%| F|  |TAMS 0x0000000088c00000, 0x0000000088c00000| Untracked 
| 141|0x0000000088d00000, 0x0000000088d00000, 0x0000000088e00000|  0%| F|  |TAMS 0x0000000088d00000, 0x0000000088d00000| Untracked 
| 142|0x0000000088e00000, 0x0000000088e00000, 0x0000000088f00000|  0%| F|  |TAMS 0x0000000088e00000, 0x0000000088e00000| Untracked 
| 143|0x0000000088f00000, 0x0000000088f00000, 0x0000000089000000|  0%| F|  |TAMS 0x0000000088f00000, 0x0000000088f00000| Untracked 
| 144|0x0000000089000000, 0x0000000089000000, 0x0000000089100000|  0%| F|  |TAMS 0x0000000089000000, 0x0000000089000000| Untracked 
| 145|0x0000000089100000, 0x0000000089100000, 0x0000000089200000|  0%| F|  |TAMS 0x0000000089100000, 0x0000000089100000| Untracked 
| 146|0x0000000089200000, 0x0000000089200000, 0x0000000089300000|  0%| F|  |TAMS 0x0000000089200000, 0x0000000089200000| Untracked 
| 147|0x0000000089300000, 0x0000000089300000, 0x0000000089400000|  0%| F|  |TAMS 0x0000000089300000, 0x0000000089300000| Untracked 
| 148|0x0000000089400000, 0x0000000089400000, 0x0000000089500000|  0%| F|  |TAMS 0x0000000089400000, 0x0000000089400000| Untracked 
| 149|0x0000000089500000, 0x0000000089500000, 0x0000000089600000|  0%| F|  |TAMS 0x0000000089500000, 0x0000000089500000| Untracked 
| 150|0x0000000089600000, 0x0000000089600000, 0x0000000089700000|  0%| F|  |TAMS 0x0000000089600000, 0x0000000089600000| Untracked 
| 151|0x0000000089700000, 0x0000000089700000, 0x0000000089800000|  0%| F|  |TAMS 0x0000000089700000, 0x0000000089700000| Untracked 
| 152|0x0000000089800000, 0x0000000089800000, 0x0000000089900000|  0%| F|  |TAMS 0x0000000089800000, 0x0000000089800000| Untracked 
| 153|0x0000000089900000, 0x0000000089a00000, 0x0000000089a00000|100%| E|  |TAMS 0x0000000089900000, 0x0000000089900000| Complete 
| 154|0x0000000089a00000, 0x0000000089b00000, 0x0000000089b00000|100%| E|CS|TAMS 0x0000000089a00000, 0x0000000089a00000| Complete 
| 155|0x0000000089b00000, 0x0000000089c00000, 0x0000000089c00000|100%| E|CS|TAMS 0x0000000089b00000, 0x0000000089b00000| Complete 
| 156|0x0000000089c00000, 0x0000000089d00000, 0x0000000089d00000|100%| E|CS|TAMS 0x0000000089c00000, 0x0000000089c00000| Complete 
| 157|0x0000000089d00000, 0x0000000089e00000, 0x0000000089e00000|100%| E|CS|TAMS 0x0000000089d00000, 0x0000000089d00000| Complete 
| 158|0x0000000089e00000, 0x0000000089f00000, 0x0000000089f00000|100%| E|CS|TAMS 0x0000000089e00000, 0x0000000089e00000| Complete 
| 159|0x0000000089f00000, 0x000000008a000000, 0x000000008a000000|100%| E|CS|TAMS 0x0000000089f00000, 0x0000000089f00000| Complete 
| 160|0x000000008a000000, 0x000000008a100000, 0x000000008a100000|100%| E|CS|TAMS 0x000000008a000000, 0x000000008a000000| Complete 
| 161|0x000000008a100000, 0x000000008a200000, 0x000000008a200000|100%| E|CS|TAMS 0x000000008a100000, 0x000000008a100000| Complete 
| 162|0x000000008a200000, 0x000000008a300000, 0x000000008a300000|100%| E|CS|TAMS 0x000000008a200000, 0x000000008a200000| Complete 
| 163|0x000000008a300000, 0x000000008a400000, 0x000000008a400000|100%| E|CS|TAMS 0x000000008a300000, 0x000000008a300000| Complete 
| 164|0x000000008a400000, 0x000000008a500000, 0x000000008a500000|100%| E|CS|TAMS 0x000000008a400000, 0x000000008a400000| Complete 
| 165|0x000000008a500000, 0x000000008a600000, 0x000000008a600000|100%| E|CS|TAMS 0x000000008a500000, 0x000000008a500000| Complete 
| 166|0x000000008a600000, 0x000000008a700000, 0x000000008a700000|100%| E|CS|TAMS 0x000000008a600000, 0x000000008a600000| Complete 
| 167|0x000000008a700000, 0x000000008a800000, 0x000000008a800000|100%| E|CS|TAMS 0x000000008a700000, 0x000000008a700000| Complete 
| 168|0x000000008a800000, 0x000000008a900000, 0x000000008a900000|100%| E|CS|TAMS 0x000000008a800000, 0x000000008a800000| Complete 
| 169|0x000000008a900000, 0x000000008aa00000, 0x000000008aa00000|100%| E|CS|TAMS 0x000000008a900000, 0x000000008a900000| Complete 
| 170|0x000000008aa00000, 0x000000008ab00000, 0x000000008ab00000|100%| E|CS|TAMS 0x000000008aa00000, 0x000000008aa00000| Complete 
| 171|0x000000008ab00000, 0x000000008ac00000, 0x000000008ac00000|100%| E|CS|TAMS 0x000000008ab00000, 0x000000008ab00000| Complete 
| 172|0x000000008ac00000, 0x000000008ad00000, 0x000000008ad00000|100%| E|CS|TAMS 0x000000008ac00000, 0x000000008ac00000| Complete 
| 173|0x000000008ad00000, 0x000000008ae00000, 0x000000008ae00000|100%| E|CS|TAMS 0x000000008ad00000, 0x000000008ad00000| Complete 
| 174|0x000000008ae00000, 0x000000008af00000, 0x000000008af00000|100%| E|CS|TAMS 0x000000008ae00000, 0x000000008ae00000| Complete 
| 175|0x000000008af00000, 0x000000008b000000, 0x000000008b000000|100%| E|CS|TAMS 0x000000008af00000, 0x000000008af00000| Complete 
| 176|0x000000008b000000, 0x000000008b100000, 0x000000008b100000|100%| E|CS|TAMS 0x000000008b000000, 0x000000008b000000| Complete 
| 177|0x000000008b100000, 0x000000008b200000, 0x000000008b200000|100%| E|CS|TAMS 0x000000008b100000, 0x000000008b100000| Complete 
| 178|0x000000008b200000, 0x000000008b300000, 0x000000008b300000|100%| E|CS|TAMS 0x000000008b200000, 0x000000008b200000| Complete 
| 179|0x000000008b300000, 0x000000008b400000, 0x000000008b400000|100%| E|CS|TAMS 0x000000008b300000, 0x000000008b300000| Complete 
| 180|0x000000008b400000, 0x000000008b500000, 0x000000008b500000|100%| E|CS|TAMS 0x000000008b400000, 0x000000008b400000| Complete 
| 181|0x000000008b500000, 0x000000008b600000, 0x000000008b600000|100%| E|CS|TAMS 0x000000008b500000, 0x000000008b500000| Complete 
| 182|0x000000008b600000, 0x000000008b700000, 0x000000008b700000|100%| E|CS|TAMS 0x000000008b600000, 0x000000008b600000| Complete 
| 183|0x000000008b700000, 0x000000008b800000, 0x000000008b800000|100%| E|CS|TAMS 0x000000008b700000, 0x000000008b700000| Complete 
| 184|0x000000008b800000, 0x000000008b900000, 0x000000008b900000|100%| E|CS|TAMS 0x000000008b800000, 0x000000008b800000| Complete 
| 185|0x000000008b900000, 0x000000008ba00000, 0x000000008ba00000|100%| E|CS|TAMS 0x000000008b900000, 0x000000008b900000| Complete 
| 186|0x000000008ba00000, 0x000000008bb00000, 0x000000008bb00000|100%| E|CS|TAMS 0x000000008ba00000, 0x000000008ba00000| Complete 
| 187|0x000000008bb00000, 0x000000008bc00000, 0x000000008bc00000|100%| E|CS|TAMS 0x000000008bb00000, 0x000000008bb00000| Complete 
| 188|0x000000008bc00000, 0x000000008bd00000, 0x000000008bd00000|100%| E|CS|TAMS 0x000000008bc00000, 0x000000008bc00000| Complete 
| 189|0x000000008bd00000, 0x000000008be00000, 0x000000008be00000|100%| E|CS|TAMS 0x000000008bd00000, 0x000000008bd00000| Complete 
| 190|0x000000008be00000, 0x000000008bf00000, 0x000000008bf00000|100%| E|CS|TAMS 0x000000008be00000, 0x000000008be00000| Complete 
| 191|0x000000008bf00000, 0x000000008c000000, 0x000000008c000000|100%| E|CS|TAMS 0x000000008bf00000, 0x000000008bf00000| Complete 
| 192|0x000000008c000000, 0x000000008c100000, 0x000000008c100000|100%| E|CS|TAMS 0x000000008c000000, 0x000000008c000000| Complete 
| 193|0x000000008c100000, 0x000000008c200000, 0x000000008c200000|100%| E|CS|TAMS 0x000000008c100000, 0x000000008c100000| Complete 
| 194|0x000000008c200000, 0x000000008c300000, 0x000000008c300000|100%| E|CS|TAMS 0x000000008c200000, 0x000000008c200000| Complete 
| 195|0x000000008c300000, 0x000000008c400000, 0x000000008c400000|100%| E|CS|TAMS 0x000000008c300000, 0x000000008c300000| Complete 
| 196|0x000000008c400000, 0x000000008c500000, 0x000000008c500000|100%| E|CS|TAMS 0x000000008c400000, 0x000000008c400000| Complete 
| 197|0x000000008c500000, 0x000000008c600000, 0x000000008c600000|100%| E|  |TAMS 0x000000008c500000, 0x000000008c500000| Complete 
| 198|0x000000008c600000, 0x000000008c700000, 0x000000008c700000|100%| E|CS|TAMS 0x000000008c600000, 0x000000008c600000| Complete 
| 199|0x000000008c700000, 0x000000008c800000, 0x000000008c800000|100%| E|CS|TAMS 0x000000008c700000, 0x000000008c700000| Complete 
| 200|0x000000008c800000, 0x000000008c900000, 0x000000008c900000|100%| E|CS|TAMS 0x000000008c800000, 0x000000008c800000| Complete 
| 201|0x000000008c900000, 0x000000008ca00000, 0x000000008ca00000|100%| E|CS|TAMS 0x000000008c900000, 0x000000008c900000| Complete 
| 202|0x000000008ca00000, 0x000000008cb00000, 0x000000008cb00000|100%| E|CS|TAMS 0x000000008ca00000, 0x000000008ca00000| Complete 
| 203|0x000000008cb00000, 0x000000008cc00000, 0x000000008cc00000|100%| E|CS|TAMS 0x000000008cb00000, 0x000000008cb00000| Complete 
| 204|0x000000008cc00000, 0x000000008cd00000, 0x000000008cd00000|100%| E|CS|TAMS 0x000000008cc00000, 0x000000008cc00000| Complete 
| 205|0x000000008cd00000, 0x000000008ce00000, 0x000000008ce00000|100%| E|CS|TAMS 0x000000008cd00000, 0x000000008cd00000| Complete 
| 206|0x000000008ce00000, 0x000000008cf00000, 0x000000008cf00000|100%| E|CS|TAMS 0x000000008ce00000, 0x000000008ce00000| Complete 
| 207|0x000000008cf00000, 0x000000008d000000, 0x000000008d000000|100%| E|CS|TAMS 0x000000008cf00000, 0x000000008cf00000| Complete 
| 208|0x000000008d000000, 0x000000008d100000, 0x000000008d100000|100%| E|CS|TAMS 0x000000008d000000, 0x000000008d000000| Complete 
| 209|0x000000008d100000, 0x000000008d200000, 0x000000008d200000|100%| E|CS|TAMS 0x000000008d100000, 0x000000008d100000| Complete 
| 210|0x000000008d200000, 0x000000008d300000, 0x000000008d300000|100%| E|CS|TAMS 0x000000008d200000, 0x000000008d200000| Complete 
| 211|0x000000008d300000, 0x000000008d400000, 0x000000008d400000|100%| E|CS|TAMS 0x000000008d300000, 0x000000008d300000| Complete 
| 212|0x000000008d400000, 0x000000008d500000, 0x000000008d500000|100%| E|CS|TAMS 0x000000008d400000, 0x000000008d400000| Complete 
| 213|0x000000008d500000, 0x000000008d600000, 0x000000008d600000|100%| E|CS|TAMS 0x000000008d500000, 0x000000008d500000| Complete 
| 214|0x000000008d600000, 0x000000008d700000, 0x000000008d700000|100%| E|CS|TAMS 0x000000008d600000, 0x000000008d600000| Complete 
| 215|0x000000008d700000, 0x000000008d800000, 0x000000008d800000|100%| E|CS|TAMS 0x000000008d700000, 0x000000008d700000| Complete 
| 216|0x000000008d800000, 0x000000008d900000, 0x000000008d900000|100%| E|CS|TAMS 0x000000008d800000, 0x000000008d800000| Complete 
| 217|0x000000008d900000, 0x000000008da00000, 0x000000008da00000|100%| E|CS|TAMS 0x000000008d900000, 0x000000008d900000| Complete 
| 218|0x000000008da00000, 0x000000008db00000, 0x000000008db00000|100%| E|CS|TAMS 0x000000008da00000, 0x000000008da00000| Complete 
| 219|0x000000008db00000, 0x000000008dc00000, 0x000000008dc00000|100%| E|CS|TAMS 0x000000008db00000, 0x000000008db00000| Complete 
| 220|0x000000008dc00000, 0x000000008dd00000, 0x000000008dd00000|100%| E|CS|TAMS 0x000000008dc00000, 0x000000008dc00000| Complete 
| 221|0x000000008dd00000, 0x000000008de00000, 0x000000008de00000|100%| E|CS|TAMS 0x000000008dd00000, 0x000000008dd00000| Complete 
| 222|0x000000008de00000, 0x000000008df00000, 0x000000008df00000|100%| E|CS|TAMS 0x000000008de00000, 0x000000008de00000| Complete 
| 223|0x000000008df00000, 0x000000008e000000, 0x000000008e000000|100%| E|CS|TAMS 0x000000008df00000, 0x000000008df00000| Complete 
| 224|0x000000008e000000, 0x000000008e100000, 0x000000008e100000|100%| E|CS|TAMS 0x000000008e000000, 0x000000008e000000| Complete 
| 225|0x000000008e100000, 0x000000008e200000, 0x000000008e200000|100%| E|CS|TAMS 0x000000008e100000, 0x000000008e100000| Complete 
| 226|0x000000008e200000, 0x000000008e300000, 0x000000008e300000|100%| E|CS|TAMS 0x000000008e200000, 0x000000008e200000| Complete 
| 227|0x000000008e300000, 0x000000008e400000, 0x000000008e400000|100%| E|CS|TAMS 0x000000008e300000, 0x000000008e300000| Complete 

Card table byte_map: [0x00000188b5880000,0x00000188b5c80000] _byte_map_base: 0x00000188b5480000

Marking Bits (Prev, Next): (CMBitMap*) 0x00000188a237c3a8, (CMBitMap*) 0x00000188a237c3e0
 Prev Bits: [0x00000188b6080000, 0x00000188b8080000)
 Next Bits: [0x00000188b8080000, 0x00000188ba080000)

Polling page: 0x00000188a2420000

Metaspace:

Usage:
  Non-class:     71.36 MB capacity,    69.96 MB ( 98%) used,     1.19 MB (  2%) free+waste,   209.63 KB ( <1%) overhead. 
      Class:     10.52 MB capacity,     9.80 MB ( 93%) used,   645.83 KB (  6%) free+waste,    94.81 KB ( <1%) overhead. 
       Both:     81.87 MB capacity,    79.75 MB ( 97%) used,     1.82 MB (  2%) free+waste,   304.44 KB ( <1%) overhead. 

Virtual space:
  Non-class space:       72.00 MB reserved,      71.50 MB (>99%) committed 
      Class space:        1.00 GB reserved,      10.57 MB (  1%) committed 
             Both:        1.07 GB reserved,      82.07 MB (  7%) committed 

Chunk freelists:
   Non-Class:  20.00 KB
       Class:  13.00 KB
        Both:  33.00 KB

MaxMetaspaceSize: 17179869184.00 GB
CompressedClassSpaceSize: 1.00 GB

CodeHeap 'non-profiled nmethods': size=120064Kb used=10534Kb max_used=10534Kb free=109529Kb
 bounds [0x00000188ad910000, 0x00000188ae360000, 0x00000188b4e50000]
CodeHeap 'profiled nmethods': size=120000Kb used=26565Kb max_used=26565Kb free=93434Kb
 bounds [0x00000188a63e0000, 0x00000188a7de0000, 0x00000188ad910000]
CodeHeap 'non-nmethods': size=5696Kb used=2289Kb max_used=2334Kb free=3406Kb
 bounds [0x00000188a5e50000, 0x00000188a60c0000, 0x00000188a63e0000]
 total_blobs=12462 nmethods=11550 adapters=824
 compilation: enabled
              stopped_count=0, restarted_count=0
 full_count=0

Compilation events (20 events):
Event: 97.602 Thread 0x00000188c5e90800 12409       4       java.util.regex.Pattern::newCharProperty (34 bytes)
Event: 97.608 Thread 0x00000188c5e90800 nmethod 12409 0x00000188ae351110 code [0x00000188ae3512e0, 0x00000188ae351778]
Event: 97.611 Thread 0x00000188bcf65800 12432       1       org.gradle.api.internal.project.DefaultProjectStateRegistry$ProjectStateImpl::getProjectPath (5 bytes)
Event: 97.611 Thread 0x00000188bcf65800 nmethod 12432 0x00000188ae351890 code [0x00000188ae351a40, 0x00000188ae351af8]
Event: 97.611 Thread 0x00000188bcf65800 12433       1       org.gradle.api.internal.DefaultDomainObjectCollection::getEventRegister (5 bytes)
Event: 97.611 Thread 0x00000188bcf65800 nmethod 12433 0x00000188ae351b90 code [0x00000188ae351d40, 0x00000188ae351df8]
Event: 97.611 Thread 0x00000188bcf65800 12434       1       org.gradle.api.internal.collections.DefaultCollectionEventRegister::getDecorator (5 bytes)
Event: 97.611 Thread 0x00000188bcf65800 nmethod 12434 0x00000188ae351e90 code [0x00000188ae352040, 0x00000188ae3520f8]
Event: 97.619 Thread 0x00000188bcf65800 12435       1       org.gradle.api.internal.project.DefaultProjectStateRegistry$ProjectStateImpl::getIdentityPath (5 bytes)
Event: 97.620 Thread 0x00000188bcf65800 nmethod 12435 0x00000188ae352190 code [0x00000188ae352340, 0x00000188ae3523f8]
Event: 97.621 Thread 0x00000188bcf65800 12436       1       org.gradle.configuration.internal.UserCodeApplicationId::longValue (5 bytes)
Event: 97.621 Thread 0x00000188bcf65800 nmethod 12436 0x00000188ae352490 code [0x00000188ae352640, 0x00000188ae3526f8]
Event: 97.623 Thread 0x00000188bcf65800 12437       3       org.gradle.api.internal.collections.AbstractIterationOrderRetainingElementSource$Element::getValues (16 bytes)
Event: 97.624 Thread 0x00000188bcf65800 nmethod 12437 0x00000188a7db6b90 code [0x00000188a7db6d40, 0x00000188a7db6ec8]
Event: 97.624 Thread 0x00000188c5e90800 12438       4       java.nio.HeapByteBuffer::getShort (25 bytes)
Event: 97.624 Thread 0x00000188bcf65800 12439       1       org.gradle.api.internal.collections.AbstractIterationOrderRetainingElementSource$ValuePointer::getElement (5 bytes)
Event: 97.624 Thread 0x00000188bcf65800 nmethod 12439 0x00000188ae352790 code [0x00000188ae352940, 0x00000188ae3529f8]
Event: 97.624 Thread 0x00000188bcf65800 12440       1       org.gradle.api.internal.collections.AbstractIterationOrderRetainingElementSource$ValuePointer::getIndex (5 bytes)
Event: 97.624 Thread 0x00000188bcf65800 nmethod 12440 0x00000188ae352a90 code [0x00000188ae352c40, 0x00000188ae352cf8]
Event: 97.625 Thread 0x00000188c5e90800 nmethod 12438 0x00000188ae352d90 code [0x00000188ae352f20, 0x00000188ae352ff8]

GC Heap History (20 events):
Event: 87.338 GC heap before
{Heap before GC invocations=60 (full 0):
 garbage-first heap   total 233472K, used 201745K [0x0000000080000000, 0x0000000100000000)
  region size 1024K, 127 young (130048K), 2 survivors (2048K)
 Metaspace       used 66571K, capacity 68312K, committed 68428K, reserved 1110016K
  class space    used 8158K, capacity 8761K, committed 8780K, reserved 1048576K
}
Event: 87.342 GC heap after
{Heap after GC invocations=61 (full 0):
 garbage-first heap   total 233472K, used 74609K [0x0000000080000000, 0x0000000100000000)
  region size 1024K, 2 young (2048K), 2 survivors (2048K)
 Metaspace       used 66571K, capacity 68312K, committed 68428K, reserved 1110016K
  class space    used 8158K, capacity 8761K, committed 8780K, reserved 1048576K
}
Event: 87.812 GC heap before
{Heap before GC invocations=61 (full 0):
 garbage-first heap   total 233472K, used 203633K [0x0000000080000000, 0x0000000100000000)
  region size 1024K, 128 young (131072K), 2 survivors (2048K)
 Metaspace       used 66571K, capacity 68312K, committed 68428K, reserved 1110016K
  class space    used 8158K, capacity 8761K, committed 8780K, reserved 1048576K
}
Event: 87.816 GC heap after
{Heap after GC invocations=62 (full 0):
 garbage-first heap   total 233472K, used 75507K [0x0000000080000000, 0x0000000100000000)
  region size 1024K, 3 young (3072K), 3 survivors (3072K)
 Metaspace       used 66571K, capacity 68312K, committed 68428K, reserved 1110016K
  class space    used 8158K, capacity 8761K, committed 8780K, reserved 1048576K
}
Event: 88.263 GC heap before
{Heap before GC invocations=62 (full 0):
 garbage-first heap   total 233472K, used 203507K [0x0000000080000000, 0x0000000100000000)
  region size 1024K, 128 young (131072K), 3 survivors (3072K)
 Metaspace       used 66571K, capacity 68312K, committed 68428K, reserved 1110016K
  class space    used 8158K, capacity 8761K, committed 8780K, reserved 1048576K
}
Event: 88.268 GC heap after
{Heap after GC invocations=63 (full 0):
 garbage-first heap   total 233472K, used 76485K [0x0000000080000000, 0x0000000100000000)
  region size 1024K, 4 young (4096K), 4 survivors (4096K)
 Metaspace       used 66571K, capacity 68312K, committed 68428K, reserved 1110016K
  class space    used 8158K, capacity 8761K, committed 8780K, reserved 1048576K
}
Event: 90.156 GC heap before
{Heap before GC invocations=63 (full 0):
 garbage-first heap   total 233472K, used 204485K [0x0000000080000000, 0x0000000100000000)
  region size 1024K, 129 young (132096K), 4 survivors (4096K)
 Metaspace       used 66610K, capacity 68388K, committed 68428K, reserved 1110016K
  class space    used 8158K, capacity 8761K, committed 8780K, reserved 1048576K
}
Event: 90.160 GC heap after
{Heap after GC invocations=64 (full 0):
 garbage-first heap   total 233472K, used 72962K [0x0000000080000000, 0x0000000100000000)
  region size 1024K, 2 young (2048K), 2 survivors (2048K)
 Metaspace       used 66610K, capacity 68388K, committed 68428K, reserved 1110016K
  class space    used 8158K, capacity 8761K, committed 8780K, reserved 1048576K
}
Event: 90.761 GC heap before
{Heap before GC invocations=64 (full 0):
 garbage-first heap   total 233472K, used 203010K [0x0000000080000000, 0x0000000100000000)
  region size 1024K, 128 young (131072K), 2 survivors (2048K)
 Metaspace       used 66613K, capacity 68388K, committed 68428K, reserved 1110016K
  class space    used 8158K, capacity 8761K, committed 8780K, reserved 1048576K
}
Event: 90.763 GC heap after
{Heap after GC invocations=65 (full 0):
 garbage-first heap   total 233472K, used 72421K [0x0000000080000000, 0x0000000100000000)
  region size 1024K, 1 young (1024K), 1 survivors (1024K)
 Metaspace       used 66613K, capacity 68388K, committed 68428K, reserved 1110016K
  class space    used 8158K, capacity 8761K, committed 8780K, reserved 1048576K
}
Event: 91.607 GC heap before
{Heap before GC invocations=65 (full 0):
 garbage-first heap   total 233472K, used 202469K [0x0000000080000000, 0x0000000100000000)
  region size 1024K, 128 young (131072K), 1 survivors (1024K)
 Metaspace       used 66636K, capacity 68458K, committed 68684K, reserved 1110016K
  class space    used 8158K, capacity 8761K, committed 8780K, reserved 1048576K
}
Event: 91.608 GC heap after
{Heap after GC invocations=66 (full 0):
 garbage-first heap   total 233472K, used 71366K [0x0000000080000000, 0x0000000100000000)
  region size 1024K, 1 young (1024K), 1 survivors (1024K)
 Metaspace       used 66636K, capacity 68458K, committed 68684K, reserved 1110016K
  class space    used 8158K, capacity 8761K, committed 8780K, reserved 1048576K
}
Event: 92.343 GC heap before
{Heap before GC invocations=66 (full 0):
 garbage-first heap   total 233472K, used 202438K [0x0000000080000000, 0x0000000100000000)
  region size 1024K, 129 young (132096K), 1 survivors (1024K)
 Metaspace       used 66636K, capacity 68458K, committed 68684K, reserved 1110016K
  class space    used 8158K, capacity 8761K, committed 8780K, reserved 1048576K
}
Event: 92.345 GC heap after
{Heap after GC invocations=67 (full 0):
 garbage-first heap   total 233472K, used 71380K [0x0000000080000000, 0x0000000100000000)
  region size 1024K, 1 young (1024K), 1 survivors (1024K)
 Metaspace       used 66636K, capacity 68458K, committed 68684K, reserved 1110016K
  class space    used 8158K, capacity 8761K, committed 8780K, reserved 1048576K
}
Event: 93.305 GC heap before
{Heap before GC invocations=67 (full 0):
 garbage-first heap   total 233472K, used 205524K [0x0000000080000000, 0x0000000100000000)
  region size 1024K, 130 young (133120K), 1 survivors (1024K)
 Metaspace       used 66637K, capacity 68458K, committed 68684K, reserved 1110016K
  class space    used 8158K, capacity 8761K, committed 8780K, reserved 1048576K
}
Event: 93.306 GC heap after
{Heap after GC invocations=68 (full 0):
 garbage-first heap   total 233472K, used 73223K [0x0000000080000000, 0x0000000100000000)
  region size 1024K, 1 young (1024K), 1 survivors (1024K)
 Metaspace       used 66637K, capacity 68458K, committed 68684K, reserved 1110016K
  class space    used 8158K, capacity 8761K, committed 8780K, reserved 1048576K
}
Event: 93.847 GC heap before
{Heap before GC invocations=68 (full 0):
 garbage-first heap   total 233472K, used 204295K [0x0000000080000000, 0x0000000100000000)
  region size 1024K, 129 young (132096K), 1 survivors (1024K)
 Metaspace       used 66637K, capacity 68458K, committed 68684K, reserved 1110016K
  class space    used 8158K, capacity 8761K, committed 8780K, reserved 1048576K
}
Event: 93.852 GC heap after
{Heap after GC invocations=69 (full 0):
 garbage-first heap   total 233472K, used 74981K [0x0000000080000000, 0x0000000100000000)
  region size 1024K, 3 young (3072K), 3 survivors (3072K)
 Metaspace       used 66637K, capacity 68458K, committed 68684K, reserved 1110016K
  class space    used 8158K, capacity 8761K, committed 8780K, reserved 1048576K
}
Event: 96.153 GC heap before
{Heap before GC invocations=69 (full 0):
 garbage-first heap   total 233472K, used 208101K [0x0000000080000000, 0x0000000100000000)
  region size 1024K, 130 young (133120K), 3 survivors (3072K)
 Metaspace       used 74568K, capacity 76515K, committed 76748K, reserved 1116160K
  class space    used 9093K, capacity 9798K, committed 9932K, reserved 1048576K
}
Event: 96.161 GC heap after
{Heap after GC invocations=70 (full 0):
 garbage-first heap   total 233472K, used 82740K [0x0000000080000000, 0x0000000100000000)
  region size 1024K, 8 young (8192K), 8 survivors (8192K)
 Metaspace       used 74568K, capacity 76515K, committed 76748K, reserved 1116160K
  class space    used 9093K, capacity 9798K, committed 9932K, reserved 1048576K
}

Deoptimization events (20 events):
Event: 97.555 Thread 0x00000188be90f000 Uncommon trap: trap_request=0xffffff4d fr.pc=0x00000188ad9414e0 relative=0x00000000000000c0
Event: 97.555 Thread 0x00000188be90f000 Uncommon trap: reason=unstable_if action=reinterpret pc=0x00000188ad9414e0 method=java.lang.String.getBytes([BIB)V @ 5 c2
Event: 97.555 Thread 0x00000188be90f000 DEOPT PACKING pc=0x00000188ad9414e0 sp=0x00000027d70f67a0
Event: 97.555 Thread 0x00000188be90f000 DEOPT UNPACKING pc=0x00000188a5e76ca9 sp=0x00000027d70f6768 mode 2
Event: 97.555 Thread 0x00000188be90f000 Uncommon trap: trap_request=0xffffff4d fr.pc=0x00000188ae1b4c98 relative=0x00000000000000f8
Event: 97.555 Thread 0x00000188be90f000 Uncommon trap: reason=unstable_if action=reinterpret pc=0x00000188ae1b4c98 method=java.lang.AbstractStringBuilder.putStringAt(ILjava/lang/String;)V @ 8 c2
Event: 97.555 Thread 0x00000188be90f000 DEOPT PACKING pc=0x00000188ae1b4c98 sp=0x00000027d70f6810
Event: 97.555 Thread 0x00000188be90f000 DEOPT UNPACKING pc=0x00000188a5e76ca9 sp=0x00000027d70f67d8 mode 2
Event: 97.556 Thread 0x00000188be90f000 Uncommon trap: trap_request=0xffffff4d fr.pc=0x00000188ae00b104 relative=0x0000000000001504
Event: 97.556 Thread 0x00000188be90f000 Uncommon trap: reason=unstable_if action=reinterpret pc=0x00000188ae00b104 method=java.util.regex.Pattern.closure(Ljava/util/regex/Pattern$Node;)Ljava/util/regex/Pattern$Node; @ 79 c2
Event: 97.556 Thread 0x00000188be90f000 DEOPT PACKING pc=0x00000188ae00b104 sp=0x00000027d70f64c0
Event: 97.556 Thread 0x00000188be90f000 DEOPT UNPACKING pc=0x00000188a5e76ca9 sp=0x00000027d70f6460 mode 2
Event: 97.559 Thread 0x00000188be90f000 Uncommon trap: trap_request=0xffffff4d fr.pc=0x00000188ad9a44ac relative=0x000000000000036c
Event: 97.559 Thread 0x00000188be90f000 Uncommon trap: reason=unstable_if action=reinterpret pc=0x00000188ad9a44ac method=java.lang.StringBuilder.toString()Ljava/lang/String; @ 4 c2
Event: 97.559 Thread 0x00000188be90f000 DEOPT PACKING pc=0x00000188ad9a44ac sp=0x00000027d70f68a0
Event: 97.559 Thread 0x00000188be90f000 DEOPT UNPACKING pc=0x00000188a5e76ca9 sp=0x00000027d70f6880 mode 2
Event: 97.622 Thread 0x00000188be90f000 Uncommon trap: trap_request=0xffffff4d fr.pc=0x00000188adb3fccc relative=0x00000000000008ec
Event: 97.622 Thread 0x00000188be90f000 Uncommon trap: reason=unstable_if action=reinterpret pc=0x00000188adb3fccc method=org.gradle.internal.dispatch.ProxyDispatchAdapter$DispatchingInvocationHandler.invoke(Ljava/lang/Object;Ljava/lang/reflect/Method;[Ljava/lang/Object;)Ljava/lang/Object; @ 9 
Event: 97.622 Thread 0x00000188be90f000 DEOPT PACKING pc=0x00000188adb3fccc sp=0x00000027d70f8400
Event: 97.622 Thread 0x00000188be90f000 DEOPT UNPACKING pc=0x00000188a5e76ca9 sp=0x00000027d70f83c8 mode 2

Classes redefined (0 events):
No events

Internal exceptions (20 events):
Event: 94.702 Thread 0x00000188be90f000 Exception <a 'java/lang/ClassNotFoundException'{0x000000008a4908a0}: org/gradle/api/DefaultTaskCustomizer> (0x000000008a4908a0) thrown at [./src/hotspot/share/classfile/systemDictionary.cpp, line 231]
Event: 94.716 Thread 0x00000188be90f000 Exception <a 'java/lang/ClassNotFoundException'{0x000000008a310c08}: org/gradle/api/internal/ConventionTaskCustomizer> (0x000000008a310c08) thrown at [./src/hotspot/share/classfile/systemDictionary.cpp, line 231]
Event: 94.719 Thread 0x00000188be90f000 Exception <a 'java/lang/ClassNotFoundException'{0x000000008a347c50}: org/gradle/api/tasks/DeleteCustomizer> (0x000000008a347c50) thrown at [./src/hotspot/share/classfile/systemDictionary.cpp, line 231]
Event: 94.721 Thread 0x00000188be90f000 Exception <a 'java/lang/ClassNotFoundException'{0x000000008a386280}: org/gradle/api/tasks/Delete_DecoratedCustomizer> (0x000000008a386280) thrown at [./src/hotspot/share/classfile/systemDictionary.cpp, line 231]
Event: 94.880 Thread 0x00000188c0990800 Exception <a 'sun/nio/fs/WindowsException'{0x0000000089889b80}> (0x0000000089889b80) thrown at [./src/hotspot/share/prims/jni.cpp, line 615]
Event: 94.884 Thread 0x00000188c0990800 Exception <a 'sun/nio/fs/WindowsException'{0x00000000898ec600}> (0x00000000898ec600) thrown at [./src/hotspot/share/prims/jni.cpp, line 615]
Event: 94.886 Thread 0x00000188c0990800 Exception <a 'sun/nio/fs/WindowsException'{0x00000000898ec778}> (0x00000000898ec778) thrown at [./src/hotspot/share/prims/jni.cpp, line 615]
Event: 94.896 Thread 0x00000188be90f000 Exception <a 'java/lang/ClassNotFoundException'{0x0000000089734138}: build_2i6s28g9bm1aj91wqtn26zmluBeanInfo> (0x0000000089734138) thrown at [./src/hotspot/share/classfile/systemDictionary.cpp, line 231]
Event: 94.897 Thread 0x00000188be90f000 Exception <a 'java/lang/ClassNotFoundException'{0x000000008973f060}: build_2i6s28g9bm1aj91wqtn26zmluCustomizer> (0x000000008973f060) thrown at [./src/hotspot/share/classfile/systemDictionary.cpp, line 231]
Event: 94.907 Thread 0x00000188be90f000 Exception <a 'java/lang/ClassNotFoundException'{0x00000000897c2d48}: org/gradle/plugin/use/internal/PluginRequestCollector$PluginDependenciesSpecImplBeanInfo> (0x00000000897c2d48) thrown at [./src/hotspot/share/classfile/systemDictionary.cpp, line 231]
Event: 94.908 Thread 0x00000188be90f000 Exception <a 'java/lang/ClassNotFoundException'{0x00000000897fcd68}: org/gradle/plugin/use/internal/PluginRequestCollector$PluginDependenciesSpecImplCustomizer> (0x00000000897fcd68) thrown at [./src/hotspot/share/classfile/systemDictionary.cpp, line 231]
Event: 95.122 Thread 0x00000188be90f000 Exception <a 'java/lang/NoSuchMethodError'{0x0000000088b67388}: 'java.lang.Object java.lang.invoke.DirectMethodHandle$Holder.invokeSpecial(java.lang.Object, java.lang.Object, java.lang.Object, java.lang.Object, java.lang.Object, int)'> (0x0000000088b67388) thrown at [./src/hotspot/share/interpreter/linkResolver.cpp, line 773]
Event: 95.123 Thread 0x00000188be90f000 Exception <a 'java/lang/NoSuchMethodError'{0x0000000088b6b9c8}: 'java.lang.Object java.lang.invoke.Invokers$Holder.linkToTargetMethod(java.lang.Object, java.lang.Object, java.lang.Object, int, java.lang.Object)'> (0x0000000088b6b9c8) thrown at [./src/hotspot/share/interpreter/linkResolver.cpp, line 773]
Event: 95.381 Thread 0x00000188be90f000 Implicit null exception at 0x00000188ae16f131 to 0x00000188ae16f17b
Event: 95.882 Thread 0x00000188be90f000 Exception <a 'java/lang/NoSuchMethodError'{0x0000000087240ec8}: 'int java.lang.invoke.DirectMethodHandle$Holder.invokeInterface(java.lang.Object, java.lang.Object, java.lang.Object, java.lang.Object)'> (0x0000000087240ec8) thrown at [./src/hotspot/share/interpreter/linkResolver.cpp, line 773]
Event: 96.325 Thread 0x00000188be90f000 Exception <a 'java/lang/NoSuchMethodError'{0x000000008dc2e1e0}: 'void java.lang.invoke.DirectMethodHandle$Holder.invokeInterface(java.lang.Object, java.lang.Object, java.lang.Object, java.lang.Object)'> (0x000000008dc2e1e0) thrown at [./src/hotspot/share/interpreter/linkResolver.cpp, line 773]
Event: 96.529 Thread 0x00000188be90f000 Exception <a 'java/lang/IncompatibleClassChangeError'{0x000000008d5cc100}: Found class java.lang.Object, but interface was expected> (0x000000008d5cc100) thrown at [./src/hotspot/share/interpreter/linkResolver.cpp, line 839]
Event: 96.614 Thread 0x00000188be90f000 Implicit null exception at 0x00000188adb24354 to 0x00000188adb244d0
Event: 96.734 Thread 0x00000188be90f000 Implicit null exception at 0x00000188ada4078b to 0x00000188ada40864
Event: 96.857 Thread 0x00000188be90f000 Exception <a 'sun/nio/fs/WindowsException'{0x000000008c0c0230}> (0x000000008c0c0230) thrown at [./src/hotspot/share/prims/jni.cpp, line 615]

Events (20 events):
Event: 97.616 loading class com/android/build/gradle/internal/lint/LintTaskManager$createBeforeEvaluateLintTasks$1
Event: 97.616 loading class com/android/build/gradle/internal/lint/LintTaskManager$createBeforeEvaluateLintTasks$1 done
Event: 97.618 loading class com/android/build/gradle/internal/TaskManager$ConfigAttrTask
Event: 97.618 loading class com/android/build/gradle/internal/TaskManager$ConfigAttrTask done
Event: 97.619 loading class com/android/build/gradle/internal/TaskManager$Companion$createTasksBeforeEvaluate$6
Event: 97.619 loading class com/android/build/gradle/internal/TaskManager$Companion$createTasksBeforeEvaluate$6 done
Event: 97.620 loading class com/android/build/gradle/internal/TaskManager$Companion$createTasksBeforeEvaluate$7
Event: 97.620 loading class com/android/build/gradle/internal/TaskManager$Companion$createTasksBeforeEvaluate$7 done
Event: 97.621 loading class org/gradle/api/Project
Event: 97.621 loading class org/gradle/api/Project done
Event: 97.621 loading class org/gradle/api/Project
Event: 97.621 loading class org/gradle/api/Project done
Event: 97.621 loading class com/android/build/gradle/internal/plugins/BasePlugin
Event: 97.621 loading class com/android/build/gradle/internal/plugins/BasePlugin done
Event: 97.621 loading class com/android/build/gradle/internal/crash/CrashReporting$afterEvaluate$1
Event: 97.621 loading class com/android/build/gradle/internal/crash/CrashReporting$afterEvaluate$1 done
Event: 97.622 loading class com/android/build/gradle/api/AndroidBasePlugin
Event: 97.622 loading class com/android/build/gradle/api/AndroidBasePlugin done
Event: 97.623 loading class org/gradle/api/plugins/PluginManager
Event: 97.623 loading class org/gradle/api/plugins/PluginManager done


Dynamic libraries:
0x00007ff634270000 - 0x00007ff63427a000 	C:\Program Files\Android\Android Studio\jre\bin\java.exe
0x00007ff929db0000 - 0x00007ff929fa5000 	C:\WINDOWS\SYSTEM32\ntdll.dll
0x00007ff929990000 - 0x00007ff929a4e000 	C:\WINDOWS\System32\KERNEL32.DLL
0x00007ff927b00000 - 0x00007ff927dc9000 	C:\WINDOWS\System32\KERNELBASE.dll
0x00007ff927a00000 - 0x00007ff927b00000 	C:\WINDOWS\System32\ucrtbase.dll
0x00007ff9144d0000 - 0x00007ff9144e9000 	C:\Program Files\Android\Android Studio\jre\bin\jli.dll
0x00007ff9134d0000 - 0x00007ff9134e7000 	C:\Program Files\Android\Android Studio\jre\bin\VCRUNTIME140.dll
0x00007ff928f00000 - 0x00007ff9290a1000 	C:\WINDOWS\System32\USER32.dll
0x00007ff914a10000 - 0x00007ff914caa000 	C:\WINDOWS\WinSxS\amd64_microsoft.windows.common-controls_6595b64144ccf1df_6.0.19041.1110_none_60b5254171f9507e\COMCTL32.dll
0x00007ff927930000 - 0x00007ff927952000 	C:\WINDOWS\System32\win32u.dll
0x00007ff929a50000 - 0x00007ff929aee000 	C:\WINDOWS\System32\msvcrt.dll
0x00007ff928c60000 - 0x00007ff928c8b000 	C:\WINDOWS\System32\GDI32.dll
0x00007ff9274d0000 - 0x00007ff9275db000 	C:\WINDOWS\System32\gdi32full.dll
0x00007ff927960000 - 0x00007ff9279fd000 	C:\WINDOWS\System32\msvcp_win.dll
0x00007ff928da0000 - 0x00007ff928dd0000 	C:\WINDOWS\System32\IMM32.DLL
0x00007ff8ed650000 - 0x00007ff8ed6ed000 	C:\Program Files\Android\Android Studio\jre\bin\msvcp140.dll
0x00007ff8bfc00000 - 0x00007ff8c06cf000 	C:\Program Files\Android\Android Studio\jre\bin\server\jvm.dll
0x00007ff928980000 - 0x00007ff928a2c000 	C:\WINDOWS\System32\ADVAPI32.dll
0x00007ff928c90000 - 0x00007ff928d2b000 	C:\WINDOWS\System32\sechost.dll
0x00007ff928dd0000 - 0x00007ff928efa000 	C:\WINDOWS\System32\RPCRT4.dll
0x00007ff928540000 - 0x00007ff928548000 	C:\WINDOWS\System32\PSAPI.DLL
0x00007ff9223c0000 - 0x00007ff9223c9000 	C:\WINDOWS\SYSTEM32\WSOCK32.dll
0x00007ff923810000 - 0x00007ff923837000 	C:\WINDOWS\SYSTEM32\WINMM.dll
0x00007ff91f0b0000 - 0x00007ff91f0ba000 	C:\WINDOWS\SYSTEM32\VERSION.dll
0x00007ff929920000 - 0x00007ff92998b000 	C:\WINDOWS\System32\WS2_32.dll
0x00007ff925d30000 - 0x00007ff925d42000 	C:\WINDOWS\SYSTEM32\kernel.appcore.dll
0x00007ff91f990000 - 0x00007ff91f9a1000 	C:\Program Files\Android\Android Studio\jre\bin\verify.dll
0x00007ff925a40000 - 0x00007ff925c24000 	C:\WINDOWS\SYSTEM32\DBGHELP.DLL
0x00007ff910690000 - 0x00007ff9106bc000 	C:\WINDOWS\SYSTEM32\dbgcore.DLL
0x00007ff9277f0000 - 0x00007ff927873000 	C:\WINDOWS\System32\bcryptPrimitives.dll
0x00007ff918580000 - 0x00007ff9185a9000 	C:\Program Files\Android\Android Studio\jre\bin\java.dll
0x00007ff91f980000 - 0x00007ff91f98b000 	C:\Program Files\Android\Android Studio\jre\bin\jimage.dll
0x00007ff91bf50000 - 0x00007ff91bf68000 	C:\Program Files\Android\Android Studio\jre\bin\zip.dll
0x00007ff927e00000 - 0x00007ff92853f000 	C:\WINDOWS\System32\SHELL32.dll
0x00007ff9252b0000 - 0x00007ff925a40000 	C:\WINDOWS\SYSTEM32\windows.storage.dll
0x00007ff9290b0000 - 0x00007ff929405000 	C:\WINDOWS\System32\combase.dll
0x00007ff926e50000 - 0x00007ff926e7c000 	C:\WINDOWS\SYSTEM32\Wldp.dll
0x00007ff928bb0000 - 0x00007ff928c5e000 	C:\WINDOWS\System32\SHCORE.dll
0x00007ff929c30000 - 0x00007ff929c85000 	C:\WINDOWS\System32\shlwapi.dll
0x00007ff927410000 - 0x00007ff92742f000 	C:\WINDOWS\SYSTEM32\profapi.dll
0x00007ff917d00000 - 0x00007ff917d1a000 	C:\Program Files\Android\Android Studio\jre\bin\net.dll
0x00007ff9161d0000 - 0x00007ff9162d8000 	C:\WINDOWS\SYSTEM32\WINHTTP.dll
0x00007ff926bb0000 - 0x00007ff926c1a000 	C:\WINDOWS\system32\mswsock.dll
0x00007ff917b20000 - 0x00007ff917b34000 	C:\Program Files\Android\Android Studio\jre\bin\nio.dll
0x00007ff922330000 - 0x00007ff922357000 	C:\Users\camilo\.gradle\native\8bec1ad78214c89d9ad589b4d07fe93259594b29d510b10fafb7a158f7737e5d\windows-amd64\native-platform.dll
0x00007ff8fc590000 - 0x00007ff8fc6cd000 	C:\Users\camilo\.gradle\native\53dbd7edfb1c66fb8903c78663c9afc45aea4f116125fa6feffd364cf09443e8\windows-amd64\native-platform-file-events.dll
0x00007ff91b6a0000 - 0x00007ff91b6aa000 	C:\Program Files\Android\Android Studio\jre\bin\management.dll
0x00007ff9184a0000 - 0x00007ff9184ac000 	C:\Program Files\Android\Android Studio\jre\bin\management_ext.dll
0x00007ff926db0000 - 0x00007ff926dc8000 	C:\WINDOWS\SYSTEM32\CRYPTSP.dll
0x00007ff926530000 - 0x00007ff926564000 	C:\WINDOWS\system32\rsaenh.dll
0x00007ff927dd0000 - 0x00007ff927df7000 	C:\WINDOWS\System32\bcrypt.dll
0x00007ff9273d0000 - 0x00007ff9273fe000 	C:\WINDOWS\SYSTEM32\USERENV.dll
0x00007ff926da0000 - 0x00007ff926dac000 	C:\WINDOWS\SYSTEM32\CRYPTBASE.dll
0x00007ff9268a0000 - 0x00007ff9268db000 	C:\WINDOWS\SYSTEM32\IPHLPAPI.DLL
0x00007ff929af0000 - 0x00007ff929af8000 	C:\WINDOWS\System32\NSI.dll
0x00007ff91dd70000 - 0x00007ff91dd87000 	C:\WINDOWS\SYSTEM32\dhcpcsvc6.DLL
0x00007ff91dc20000 - 0x00007ff91dc3d000 	C:\WINDOWS\SYSTEM32\dhcpcsvc.DLL
0x00007ff9268e0000 - 0x00007ff9269ac000 	C:\WINDOWS\SYSTEM32\DNSAPI.dll
0x00007ff913470000 - 0x00007ff913497000 	C:\Program Files\Android\Android Studio\jre\bin\sunec.dll
0x00007ff915e60000 - 0x00007ff915e6a000 	C:\Windows\System32\rasadhlp.dll
0x00007ff915e70000 - 0x00007ff915eef000 	C:\WINDOWS\System32\fwpuclnt.dll

dbghelp: loaded successfully - version: 4.0.5 - missing functions: none
symbol engine: initialized successfully - sym options: 0x614 - pdb path: .;C:\Program Files\Android\Android Studio\jre\bin;C:\WINDOWS\SYSTEM32;C:\WINDOWS\WinSxS\amd64_microsoft.windows.common-controls_6595b64144ccf1df_6.0.19041.1110_none_60b5254171f9507e;C:\Program Files\Android\Android Studio\jre\bin\server;C:\Users\camilo\.gradle\native\8bec1ad78214c89d9ad589b4d07fe93259594b29d510b10fafb7a158f7737e5d\windows-amd64;C:\Users\camilo\.gradle\native\53dbd7edfb1c66fb8903c78663c9afc45aea4f116125fa6feffd364cf09443e8\windows-amd64

VM Arguments:
jvm_args: --add-opens=java.base/java.util=ALL-UNNAMED --add-opens=java.base/java.lang=ALL-UNNAMED --add-opens=java.base/java.lang.invoke=ALL-UNNAMED --add-opens=java.base/java.util=ALL-UNNAMED --add-opens=java.prefs/java.util.prefs=ALL-UNNAMED --add-opens=java.prefs/java.util.prefs=ALL-UNNAMED --add-opens=java.base/java.nio.charset=ALL-UNNAMED --add-opens=java.base/java.net=ALL-UNNAMED --add-opens=java.base/java.util.concurrent.atomic=ALL-UNNAMED -Xmx2048m -Dfile.encoding=UTF-8 -Duser.country=CL -Duser.language=es -Duser.variant 
java_command: org.gradle.launcher.daemon.bootstrap.GradleDaemon 7.0.2
java_class_path (initial): C:\Users\camilo\.gradle\wrapper\dists\gradle-7.0.2-bin\857tjihv64xamwrf0h14cai3r\gradle-7.0.2\lib\gradle-launcher-7.0.2.jar
Launcher Type: SUN_STANDARD

[Global flags]
     intx CICompilerCount                          = 3                                         {product} {ergonomic}
     uint ConcGCThreads                            = 1                                         {product} {ergonomic}
     uint G1ConcRefinementThreads                  = 4                                         {product} {ergonomic}
   size_t G1HeapRegionSize                         = 1048576                                   {product} {ergonomic}
    uintx GCDrainStackTargetSize                   = 64                                        {product} {ergonomic}
   size_t InitialHeapSize                          = 199229440                                 {product} {ergonomic}
   size_t MarkStackSize                            = 4194304                                   {product} {ergonomic}
   size_t MaxHeapSize                              = 2147483648                                {product} {command line}
   size_t MaxNewSize                               = 1287651328                                {product} {ergonomic}
   size_t MinHeapDeltaBytes                        = 1048576                                   {product} {ergonomic}
    uintx NonNMethodCodeHeapSize                   = 5830732                                {pd product} {ergonomic}
    uintx NonProfiledCodeHeapSize                  = 122913754                              {pd product} {ergonomic}
    uintx ProfiledCodeHeapSize                     = 122913754                              {pd product} {ergonomic}
    uintx ReservedCodeCacheSize                    = 251658240                              {pd product} {ergonomic}
     bool SegmentedCodeCache                       = true                                      {product} {ergonomic}
     bool UseCompressedClassPointers               = true                                 {lp64_product} {ergonomic}
     bool UseCompressedOops                        = true                                 {lp64_product} {ergonomic}
     bool UseG1GC                                  = true                                      {product} {ergonomic}
     bool UseLargePagesIndividualAllocation        = false                                  {pd product} {ergonomic}

Logging:
Log output configuration:
 #0: stdout all=warning uptime,level,tags
 #1: stderr all=off uptime,level,tags

Environment Variables:
PATH=C:\Program Files\Google\Chrome\Application;C:\Program Files (x86)\Common Files\Oracle\Java\javapath;C:\WINDOWS\system32;C:\WINDOWS;C:\WINDOWS\System32\Wbem;C:\WINDOWS\System32\WindowsPowerShell\v1.0\;C:\WINDOWS\System32\OpenSSH\;C:\Program Files\Intel\TXE Components\DAL\;C:\Program Files (x86)\Intel\TXE Components\DAL\;C:\Recovery\OEM\Backup\;C:\Recovery\OEM\Backup\;C:\Program Files\nodejs\;C:\Program Files\Git\cmd;C:\Users\camilo\AppData\Local\Microsoft\WindowsApps;C:\Users\camilo\AppData\Local\GitHubDesktop\bin;C:\Users\camilo\AppData\Local\Programs\Microsoft VS Code\bin;C:\Users\camilo\AppData\Roaming\npm
USERNAME=camilo
OS=Windows_NT
PROCESSOR_IDENTIFIER=Intel64 Family 6 Model 122 Stepping 8, GenuineIntel



---------------  S Y S T E M  ---------------

OS: Windows 10 , 64 bit Build 19041 (10.0.19041.1202)
OS uptime: 6 days 12:32 hours

CPU:total 4 (initial active 4) (4 cores per cpu, 1 threads per core) family 6 model 122 stepping 8 microcode 0xc, cmov, cx8, fxsr, mmx, sse, sse2, sse3, ssse3, sse4.1, sse4.2, popcnt, aes, clmul, erms, 3dnowpref, tsc, tscinvbit, sha

Memory: 4k page, system-wide physical 12108M (4628M free)
TotalPageFile size 13964M (AvailPageFile size 6290M)
current process WorkingSet (physical memory assigned to process): 484M, peak: 484M
current process commit charge ("private bytes"): 509M, peak: 509M

vm_info: OpenJDK 64-Bit Server VM (11.0.10+0-b96-7249189) for windows-amd64 JRE (11.0.10+0-b96-7249189), built on Mar 31 2021 21:44:00 by "builder" with MS VC++ 14.0 (VS2015)

END.
